\BOOKMARK [1][-]{section.1}{\376\377\000H\000o\000m\000e\000w\000o\000r\000k\000\040\0001}{}% 1
\BOOKMARK [2][-]{subsection.1.1}{\376\377\000N\000o\000r\000m\000\040\000V\000e\000r\000i\000f\000i\000c\000a\000t\000i\000o\000n}{section.1}% 2
\BOOKMARK [3][-]{subsubsection.1.1.1}{\376\377\000a}{subsection.1.1}% 3
\BOOKMARK [3][-]{subsubsection.1.1.2}{\376\377\000b}{subsection.1.1}% 4
\BOOKMARK [2][-]{subsection.1.2}{\376\377\000P\000l\000o\000t\000t\000i\000n\000g\000\040\000U\000n\000i\000t\000\040\000S\000p\000h\000e\000r\000e\000\040\000f\000o\000r\000\040\000D\000i\000f\000f\000e\000r\000e\000n\000t\000\040\000N\000o\000r\000m\000s}{section.1}% 5
\BOOKMARK [3][-]{subsubsection.1.2.1}{}{subsection.1.2}% 6
\BOOKMARK [2][-]{subsection.1.3}{\376\377\000C\000a\000l\000c\000u\000l\000a\000t\000i\000n\000g\000\040\0002\000-\000n\000o\000r\000m\000\040\000a\000n\000d\000\040\000-\000n\000o\000r\000m}{section.1}% 7
\BOOKMARK [3][-]{subsubsection.1.3.1}{}{subsection.1.3}% 8
\BOOKMARK [3][-]{subsubsection.1.3.2}{}{subsection.1.3}% 9
\BOOKMARK [3][-]{subsubsection.1.3.3}{}{subsection.1.3}% 10
\BOOKMARK [2][-]{subsection.1.4}{\376\377\0002\000-\000n\000o\000r\000m\000\040\000o\000f\000\040\000S\000y\000m\000m\000e\000t\000r\000i\000c\000\040\000M\000a\000t\000r\000i\000x}{section.1}% 11
\BOOKMARK [3][-]{subsubsection.1.4.1}{}{subsection.1.4}% 12
\BOOKMARK [1][-]{section.2}{\376\377\000H\000o\000m\000e\000w\000o\000r\000k\000\040\0002}{}% 13
\BOOKMARK [2][-]{subsection.2.1}{\376\377\000M\000A\000T\000L\000A\000B\000\040\000i\000m\000p\000l\000e\000m\000e\000n\000t\000a\000t\000i\000o\000n\000\040\000o\000f\000\040\000J\000a\000c\000o\000b\000i\000\040\000M\000e\000t\000h\000o\000d}{section.2}% 14
\BOOKMARK [2][-]{subsection.2.2}{\376\377\000M\000A\000T\000L\000A\000B\000\040\000i\000m\000p\000l\000e\000m\000e\000n\000t\000a\000t\000i\000o\000n\000\040\000o\000f\000\040\000G\000a\000u\000s\000s\000-\000S\000e\000i\000d\000e\000l\000\040\000M\000e\000t\000h\000o\000d}{section.2}% 15
\BOOKMARK [2][-]{subsection.2.3}{\376\377\000C\000o\000n\000v\000e\000r\000g\000e\000n\000c\000e\000\040\000o\000f\000\040\000M\000a\000t\000r\000i\000x\000\040\000P\000o\000w\000e\000r\000s}{section.2}% 16
\BOOKMARK [3][-]{subsubsection.2.3.1}{}{subsection.2.3}% 17
\BOOKMARK [1][-]{section.3}{\376\377\000H\000o\000m\000e\000w\000o\000r\000k\000\040\0003}{}% 18
\BOOKMARK [2][-]{subsection.3.1}{\376\377\000F\000i\000n\000d\000\040\000t\000h\000e\000\040\000f\000i\000r\000s\000t\000\040\000t\000w\000o\000\040\000i\000t\000e\000r\000a\000t\000i\000o\000n\000s\000\040\000o\000f\000\040\000t\000h\000e\000\040\000S\000O\000R\000\040\000m\000e\000t\000h\000o\000d}{section.3}% 19
\BOOKMARK [3][-]{subsubsection.3.1.1}{}{subsection.3.1}% 20
\BOOKMARK [2][-]{subsection.3.2}{\376\377\000I\000n\000e\000q\000u\000a\000l\000i\000t\000y}{section.3}% 21
\BOOKMARK [3][-]{subsubsection.3.2.1}{}{subsection.3.2}% 22
\BOOKMARK [2][-]{subsection.3.3}{\376\377\000G\000a\000u\000s\000s\000i\000a\000n\000\040\000e\000l\000i\000m\000i\000n\000a\000t\000i\000o\000n\000\040\000w\000i\000t\000h\000\040\000t\000h\000r\000e\000e\000-\000d\000i\000g\000i\000t\000\040\000r\000o\000u\000n\000d\000i\000n\000g}{section.3}% 23
\BOOKMARK [3][-]{subsubsection.3.3.1}{}{subsection.3.3}% 24
\BOOKMARK [2][-]{subsection.3.4}{\376\377\000P\000e\000r\000t\000u\000r\000b\000a\000t\000i\000o\000n\000\040\000E\000s\000t\000i\000m\000a\000t\000e}{section.3}% 25
\BOOKMARK [3][-]{subsubsection.3.4.1}{}{subsection.3.4}% 26
\BOOKMARK [1][-]{section.4}{\376\377\000H\000o\000m\000e\000w\000o\000r\000k\000\040\0004}{}% 27
\BOOKMARK [2][-]{subsection.4.1}{\376\377\000I\000m\000p\000l\000e\000m\000e\000n\000t\000\040\000C\000G\000\040\000M\000e\000t\000h\000o\000d}{section.4}% 28
\BOOKMARK [3][-]{subsubsection.4.1.1}{}{subsection.4.1}% 29
\BOOKMARK [2][-]{subsection.4.2}{\376\377\000R\000e\000w\000r\000i\000t\000e\000\040\000C\000G\000\040\000w\000i\000t\000h\000\040\000P\000r\000e\000c\000o\000n\000d\000i\000t\000i\000o\000n\000i\000n\000g}{section.4}% 30
\BOOKMARK [3][-]{subsubsection.4.2.1}{}{subsection.4.2}% 31
\BOOKMARK [2][-]{subsection.4.3}{}{section.4}% 32
\BOOKMARK [3][-]{subsubsection.4.3.1}{\376\377\000a}{subsection.4.3}% 33
\BOOKMARK [3][-]{subsubsection.4.3.2}{\376\377\000b}{subsection.4.3}% 34
\BOOKMARK [2][-]{subsection.4.4}{\376\377\000M\000a\000t\000r\000i\000x\000\040\000P\000r\000o\000d\000u\000c\000t\000\040\000S\000i\000m\000i\000l\000a\000r\000i\000t\000y}{section.4}% 35
\BOOKMARK [3][-]{subsubsection.4.4.1}{}{subsection.4.4}% 36
\BOOKMARK [1][-]{section.5}{\376\377\000H\000o\000m\000e\000w\000o\000r\000k\000\040\0005}{}% 37
\BOOKMARK [2][-]{subsection.5.1}{\376\377\000P\000o\000w\000e\000r\000\040\000M\000e\000t\000h\000o\000d}{section.5}% 38
\BOOKMARK [3][-]{subsubsection.5.1.1}{}{subsection.5.1}% 39
\BOOKMARK [2][-]{subsection.5.2}{}{section.5}% 40
\BOOKMARK [3][-]{subsubsection.5.2.1}{}{subsection.5.2}% 41
\BOOKMARK [3][-]{subsubsection.5.2.2}{\376\377\000P\000o\000w\000e\000r\000\040\000M\000e\000t\000h\000o\000d}{subsection.5.2}% 42
\BOOKMARK [3][-]{subsubsection.5.2.3}{\376\377\000I\000n\000v\000e\000r\000s\000e\000\040\000I\000t\000e\000r\000a\000t\000i\000o\000n}{subsection.5.2}% 43
\BOOKMARK [3][-]{subsubsection.5.2.4}{\376\377\000W\000i\000e\000l\000a\000n\000d\000t\000\040\000D\000e\000f\000l\000a\000t\000i\000o\000n}{subsection.5.2}% 44
\BOOKMARK [2][-]{subsection.5.3}{}{section.5}% 45
\BOOKMARK [3][-]{subsubsection.5.3.1}{}{subsection.5.3}% 46
\BOOKMARK [2][-]{subsection.5.4}{}{section.5}% 47
\BOOKMARK [3][-]{subsubsection.5.4.1}{}{subsection.5.4}% 48
\BOOKMARK [1][-]{section.6}{\376\377\000M\000i\000d\000t\000e\000r\000m\000\040\000E\000x\000a\000m}{}% 49
\BOOKMARK [2][-]{subsection.6.1}{\376\377\000L\000i\000m\000i\000t\000\040\000o\000f\000\040\000M\000a\000t\000r\000i\000x\000\040\000P\000o\000w\000e\000r}{section.6}% 50
\BOOKMARK [3][-]{subsubsection.6.1.1}{}{subsection.6.1}% 51
\BOOKMARK [2][-]{subsection.6.2}{\376\377\000l\0002\000-\000n\000o\000r\000m\000\040\000a\000n\000d\000\040\000c\000o\000n\000d\000i\000t\000i\000o\000n\000\040\000n\000u\000m\000b\000e\000r}{section.6}% 52
\BOOKMARK [3][-]{subsubsection.6.2.1}{}{subsection.6.2}% 53
\BOOKMARK [2][-]{subsection.6.3}{\376\377\000J\000a\000c\000o\000b\000i\000\040\000M\000e\000t\000h\000o\000d\000\040\000C\000o\000m\000p\000u\000t\000a\000t\000i\000o\000n\000s}{section.6}% 54
\BOOKMARK [3][-]{subsubsection.6.3.1}{}{subsection.6.3}% 55
\BOOKMARK [2][-]{subsection.6.4}{\376\377\000H\000o\000u\000s\000e\000h\000o\000l\000d\000e\000r\000\040\000M\000a\000t\000r\000i\000x\000\040\000E\000i\000g\000e\000n\000v\000a\000l\000u\000e\000s}{section.6}% 56
\BOOKMARK [3][-]{subsubsection.6.4.1}{}{subsection.6.4}% 57
\BOOKMARK [1][-]{section.7}{\376\377\000H\000o\000m\000e\000w\000o\000r\000k\000\040\0006}{}% 58
\BOOKMARK [2][-]{subsection.7.1}{\376\377\000Q\000R\000\040\000D\000e\000c\000o\000m\000p\000o\000s\000i\000t\000i\000o\000n}{section.7}% 59
\BOOKMARK [3][-]{subsubsection.7.1.1}{}{subsection.7.1}% 60
\BOOKMARK [2][-]{subsection.7.2}{\376\377\000F\000i\000n\000d\000\040\000S\000i\000n\000g\000u\000l\000a\000r\000\040\000V\000a\000l\000u\000e\000s}{section.7}% 61
\BOOKMARK [3][-]{subsubsection.7.2.1}{\376\377\000a}{subsection.7.2}% 62
\BOOKMARK [3][-]{subsubsection.7.2.2}{\376\377\000b}{subsection.7.2}% 63
\BOOKMARK [2][-]{subsection.7.3}{\376\377\000l\0002\000-\000c\000o\000n\000d\000i\000t\000i\000o\000n\000\040\000n\000u\000m\000b\000e\000r}{section.7}% 64
\BOOKMARK [3][-]{subsubsection.7.3.1}{}{subsection.7.3}% 65
\BOOKMARK [3][-]{subsubsection.7.3.2}{\376\377\000p\000r\000e\000s\000e\000r\000v\000a\000t\000i\000o\000n\000\040\000o\000f\000\040\000n\000o\000r\000m\000\040\000b\000y\000\040\000u\000n\000i\000t\000a\000r\000y\000\040\000m\000a\000t\000r\000i\000x}{subsection.7.3}% 66
\BOOKMARK [3][-]{subsubsection.7.3.3}{\376\377\000t\000w\000o\000\040\000n\000o\000r\000m\000\040\000o\000f\000\040\000A}{subsection.7.3}% 67
\BOOKMARK [3][-]{subsubsection.7.3.4}{\376\377\000t\000w\000o\000\040\000n\000o\000r\000m\000\040\000o\000f\000\040\000A\000-\0001}{subsection.7.3}% 68
\BOOKMARK [3][-]{subsubsection.7.3.5}{\376\377\000c\000o\000n\000c\000l\000u\000s\000i\000o\000n}{subsection.7.3}% 69
\BOOKMARK [1][-]{section.8}{\376\377\000H\000o\000m\000e\000w\000o\000r\000k\000\040\0007}{}% 70
\BOOKMARK [2][-]{subsection.8.1}{\376\377\000L\000e\000a\000s\000t\000\040\000S\000q\000u\000a\000r\000e\000s\000\040\000P\000o\000l\000y\000n\000o\000m\000i\000a\000l\000\040\000A\000p\000p\000r\000o\000x\000i\000m\000a\000t\000i\000o\000n}{section.8}% 71
\BOOKMARK [3][-]{subsubsection.8.1.1}{}{subsection.8.1}% 72
\BOOKMARK [2][-]{subsection.8.2}{\376\377\000C\000h\000e\000b\000y\000s\000h\000e\000v\000\040\000P\000o\000l\000y\000n\000o\000m\000i\000a\000l\000\040\000I\000d\000e\000n\000t\000i\000t\000y}{section.8}% 73
\BOOKMARK [3][-]{subsubsection.8.2.1}{}{subsection.8.2}% 74
\BOOKMARK [3][-]{subsubsection.8.2.2}{\376\377\000o\000t\000h\000e\000r\000\040\000p\000r\000o\000p\000e\000r\000t\000i\000e\000s\000\040\000o\000f\000\040\000C\000h\000e\000b\000y\000s\000h\000e\000v\000\040\000P\000o\000l\000y\000n\000o\000m\000i\000a\000l\000s}{subsection.8.2}% 75
\BOOKMARK [2][-]{subsection.8.3}{\376\377\000L\000a\000g\000u\000e\000r\000r\000e\000\040\000P\000o\000l\000y\000n\000o\000m\000i\000a\000l\000\040\000R\000e\000c\000u\000r\000r\000e\000n\000c\000e\000\040\000R\000e\000l\000a\000t\000i\000o\000n}{section.8}% 76
\BOOKMARK [3][-]{subsubsection.8.3.1}{}{subsection.8.3}% 77
\BOOKMARK [2][-]{subsection.8.4}{\376\377\000P\000a\000d\000\351\000\040\000A\000p\000p\000r\000o\000x\000i\000m\000a\000t\000i\000o\000n}{section.8}% 78
\BOOKMARK [3][-]{subsubsection.8.4.1}{}{subsection.8.4}% 79
\BOOKMARK [2][-]{subsection.8.5}{\376\377\000C\000o\000n\000t\000'\000d\000\040\000F\000r\000a\000c\000t\000i\000o\000n\000s\000\040\000f\000o\000r\000\040\000R\000a\000t\000i\000o\000n\000a\000l\000\040\000F\000u\000n\000c\000t\000i\000o\000n\000s}{section.8}% 80
\BOOKMARK [3][-]{subsubsection.8.5.1}{}{subsection.8.5}% 81
\BOOKMARK [2][-]{subsection.8.6}{\376\377\000a}{section.8}% 82
\BOOKMARK [2][-]{subsection.8.7}{\376\377\000b}{section.8}% 83
\BOOKMARK [1][-]{section.9}{\376\377\000H\000o\000m\000e\000w\000o\000r\000k\000\040\0008}{}% 84
\BOOKMARK [2][-]{subsection.9.1}{\376\377\000T\000r\000i\000g\000o\000n\000o\000m\000e\000t\000r\000i\000c\000\040\000A\000p\000p\000r\000o\000x\000i\000m\000a\000t\000i\000o\000n}{section.9}% 85
\BOOKMARK [3][-]{subsubsection.9.1.1}{}{subsection.9.1}% 86
\BOOKMARK [2][-]{subsection.9.2}{\376\377\000D\000e\000g\000r\000e\000e\000-\0004\000\040\000D\000i\000s\000c\000r\000e\000t\000e\000\040\000L\000e\000a\000s\000t\000\040\000S\000q\000u\000a\000r\000e\000s\000\040\000T\000r\000i\000g\000\040\000A\000p\000p\000r\000o\000x\000i\000m\000a\000t\000i\000o\000n}{section.9}% 87
\BOOKMARK [3][-]{subsubsection.9.2.1}{}{subsection.9.2}% 88
\BOOKMARK [2][-]{subsection.9.3}{\376\377\000T\000r\000i\000g\000o\000n\000o\000m\000e\000t\000r\000i\000c\000\040\000i\000n\000t\000e\000r\000p\000o\000l\000a\000t\000i\000n\000g\000\040\000p\000o\000l\000y\000n\000o\000m\000i\000a\000l}{section.9}% 89
\BOOKMARK [3][-]{subsubsection.9.3.1}{\376\377\000d\000i\000r\000e\000c\000t\000\040\000c\000a\000l\000c\000u\000l\000a\000t\000i\000o\000n}{subsection.9.3}% 90
\BOOKMARK [3][-]{subsubsection.9.3.2}{\376\377\000F\000a\000s\000t\000\040\000F\000o\000u\000r\000i\000e\000r\000\040\000T\000r\000a\000n\000s\000f\000o\000r\000m}{subsection.9.3}% 91
\BOOKMARK [2][-]{subsection.9.4}{\376\377\000E\000q\000u\000i\000v\000a\000l\000e\000n\000t\000\040\000M\000a\000t\000r\000i\000x\000\040\000V\000e\000c\000t\000o\000r\000\040\000M\000u\000l\000t\000i\000p\000l\000y}{section.9}% 92
\BOOKMARK [3][-]{subsubsection.9.4.1}{\376\377\000M\000a\000t\000r\000i\000x\000\040\000V\000e\000c\000t\000o\000r\000\040\000E\000q\000u\000i\000v\000a\000l\000e\000n\000c\000e}{subsection.9.4}% 93
\BOOKMARK [3][-]{subsubsection.9.4.2}{\376\377\000E\000i\000g\000e\000n\000v\000a\000l\000u\000e\000s}{subsection.9.4}% 94
\BOOKMARK [1][-]{section.10}{\376\377\000H\000o\000m\000e\000w\000o\000r\000k\000\040\0009}{}% 95
\BOOKMARK [2][-]{subsection.10.1}{\376\377\000F\000i\000x\000e\000d\000-\000P\000o\000i\000n\000t\000\040\000I\000t\000e\000r\000a\000t\000i\000o\000n\000\040\000f\000o\000r\000\040\000N\000o\000n\000l\000i\000n\000e\000a\000r\000\040\000S\000y\000s\000t\000e\000m}{section.10}% 96
\BOOKMARK [3][-]{subsubsection.10.1.1}{}{subsection.10.1}% 97
\BOOKMARK [2][-]{subsection.10.2}{\376\377\000C\000o\000n\000t\000i\000n\000u\000o\000u\000s\000\040\000D\000i\000f\000f\000e\000r\000e\000n\000t\000i\000a\000b\000i\000l\000i\000t\000y}{section.10}% 98
\BOOKMARK [3][-]{subsubsection.10.2.1}{}{subsection.10.2}% 99
\BOOKMARK [2][-]{subsection.10.3}{\376\377\000N\000e\000w\000t\000o\000n\000'\000s\000\040\000M\000e\000t\000h\000o\000d\000\040\000f\000o\000r\000\040\000N\000o\000n\000l\000i\000n\000e\000a\000r\000\040\000S\000y\000s\000t\000e\000m}{section.10}% 100
\BOOKMARK [3][-]{subsubsection.10.3.1}{}{subsection.10.3}% 101
\BOOKMARK [2][-]{subsection.10.4}{\376\377\000N\000o\000n\000l\000i\000n\000e\000a\000r\000\040\000S\000y\000s\000t\000e\000m\000\040\000w\000i\000t\000h\000\040\0006\000\040\000S\000o\000l\000u\000t\000i\000o\000n\000s}{section.10}% 102
\BOOKMARK [3][-]{subsubsection.10.4.1}{}{subsection.10.4}% 103
\BOOKMARK [3][-]{subsubsection.10.4.2}{\376\377\000S\000y\000m\000m\000e\000t\000r\000y}{subsection.10.4}% 104
\BOOKMARK [3][-]{subsubsection.10.4.3}{\376\377\000B\000r\000o\000y\000d\000e\000n\000'\000s\000\040\000m\000e\000t\000h\000o\000d}{subsection.10.4}% 105
\BOOKMARK [1][-]{section.11}{\376\377\000C\000o\000u\000r\000s\000e\000\040\000P\000r\000o\000j\000e\000c\000t\000\040\000/\000\040\000H\000o\000m\000e\000w\000o\000r\000k\000\040\0001\0000}{}% 106
\BOOKMARK [2][-]{subsection.11.1}{\376\377\000N\000o\000n\000l\000i\000n\000e\000a\000r\000\040\000S\000h\000o\000o\000t\000i\000n\000g\000\040\000A\000l\000g\000o\000r\000i\000t\000h\000m}{section.11}% 107
\BOOKMARK [3][-]{subsubsection.11.1.1}{\376\377\000D\000e\000r\000i\000v\000a\000t\000i\000o\000n}{subsection.11.1}% 108
\BOOKMARK [3][-]{subsubsection.11.1.2}{\376\377\000E\000x\000a\000m\000p\000l\000e\000\040\000P\000s\000e\000u\000d\000o\000c\000o\000d\000e}{subsection.11.1}% 109
\BOOKMARK [3][-]{subsubsection.11.1.3}{\376\377\000P\000y\000t\000h\000o\000n\000\040\000I\000m\000p\000l\000e\000m\000e\000n\000t\000a\000t\000i\000o\000n}{subsection.11.1}% 110
\BOOKMARK [2][-]{subsection.11.2}{\376\377\000F\000i\000n\000i\000t\000e\000\040\000D\000i\000f\000f\000e\000r\000e\000n\000c\000e\000\040\000M\000e\000t\000h\000o\000d\000\040\000w\000i\000t\000h\000\040\000N\000e\000w\000t\000o\000n\000'\000s\000\040\000I\000t\000e\000r\000a\000t\000i\000o\000n}{section.11}% 111
\BOOKMARK [2][-]{subsection.11.3}{\376\377\000F\000u\000r\000t\000h\000e\000r\000\040\000P\000r\000o\000b\000l\000e\000m\000s}{section.11}% 112
\BOOKMARK [3][-]{subsubsection.11.3.1}{\376\377\000I\000m\000p\000l\000e\000m\000e\000n\000t\000a\000t\000i\000o\000n\000\040\000o\000f\000\040\000P\000o\000i\000s\000s\000o\000n\000\040\000E\000q\000u\000a\000t\000i\000o\000n\000\040\000F\000i\000n\000i\000t\000e\000-\000D\000i\000f\000f\000e\000r\000e\000n\000c\000e\000\040\000M\000e\000t\000h\000o\000d\000\040\000a\000n\000d\000\040\000S\000o\000l\000v\000e\000\040\000B\000\046\000\040\000F\000\040\000P\000a\000g\000e\000\040\0007\0004\0002\000,\000\040\000P\000r\000o\000b\000l\000e\000m\000\040\0003}{subsection.11.3}% 113
\BOOKMARK [3][-]{subsubsection.11.3.2}{\376\377\000I\000m\000p\000l\000e\000m\000e\000n\000t\000a\000t\000i\000o\000n\000\040\000o\000f\000\040\000C\000r\000a\000n\000k\000-\000N\000i\000c\000h\000o\000l\000s\000o\000n\000\040\000M\000e\000t\000h\000o\000d\000,\000\040\000a\000n\000d\000\040\000S\000o\000l\000v\000e\000\040\000B\000\046\000\040\000F\000\040\000P\000a\000g\000e\000\040\0007\0005\0004\000,\000\040\000P\000r\000o\000b\000l\000e\000m\000\040\0002}{subsection.11.3}% 114
\BOOKMARK [3][-]{subsubsection.11.3.3}{\376\377\000I\000m\000p\000l\000e\000m\000e\000n\000t\000a\000t\000i\000o\000n\000\040\000o\000f\000\040\000t\000h\000e\000\040\000W\000a\000v\000e\000\040\000E\000q\000u\000a\000t\000i\000o\000n\000\040\000u\000s\000i\000n\000g\000\040\000F\000i\000n\000i\000t\000e\000-\000D\000i\000f\000f\000e\000r\000e\000n\000c\000e\000\040\000M\000e\000t\000h\000o\000d\000,\000\040\000a\000n\000d\000\040\000S\000o\000l\000v\000e\000\040\000B\000\046\000\040\000F\000\040\000P\000a\000g\000e\000\040\0007\0006\0003\000,\000\040\000P\000r\000o\000b\000l\000e\000m\000\040\0002}{subsection.11.3}% 115
\BOOKMARK [1][-]{section.12}{\376\377\000F\000i\000n\000a\000l\000\040\000E\000x\000a\000m\000,\000\040\000S\000p\000r\000i\000n\000g\000\040\0002\0000\0002\0001}{}% 116
\BOOKMARK [2][-]{subsection.12.1}{\376\377\000M\000a\000t\000r\000i\000x\000\040\000N\000o\000r\000m}{section.12}% 117
\BOOKMARK [2][-]{subsection.12.2}{\376\377\000O\000r\000t\000h\000o\000n\000o\000r\000m\000a\000l\000\040\000P\000o\000l\000y\000n\000o\000m\000i\000a\000l\000s}{section.12}% 118
\BOOKMARK [2][-]{subsection.12.3}{\376\377\000T\000r\000i\000g\000o\000n\000o\000m\000e\000t\000r\000i\000c\000\040\000I\000n\000t\000e\000r\000p\000o\000l\000a\000t\000i\000o\000n}{section.12}% 119
\BOOKMARK [3][-]{subsubsection.12.3.1}{\376\377\000\050\000a\000\051\000\040\000S\000o\000l\000v\000e\000\040\000f\000o\000r\000\040\000c\000j}{subsection.12.3}% 120
\BOOKMARK [3][-]{subsubsection.12.3.2}{\376\377\000\050\000b\000\051\000\040\000P\000a\000r\000s\000e\000v\000a\000l\000'\000s\000\040\000T\000h\000e\000o\000r\000e\000m}{subsection.12.3}% 121
\BOOKMARK [2][-]{subsection.12.4}{\376\377\000U\000n\000i\000q\000u\000e\000\040\000N\000u\000m\000e\000r\000i\000c\000a\000l\000\040\000S\000o\000l\000u\000t\000i\000o\000n\000\040\000f\000o\000r\000\040\000L\000i\000n\000e\000a\000r\000\040\000B\000V\000P}{section.12}% 122
\BOOKMARK [2][-]{subsection.12.5}{\376\377\000P\000o\000w\000e\000r\000\040\000M\000e\000t\000h\000o\000d}{section.12}% 123
\BOOKMARK [2][-]{subsection.12.6}{\376\377\000H\000o\000u\000s\000e\000h\000o\000l\000d\000e\000r\000\040\000T\000r\000a\000n\000s\000f\000o\000r\000m\000a\000t\000i\000o\000n\000\040\000a\000n\000d\000\040\000G\000i\000v\000e\000n\000s\000\040\000R\000o\000t\000a\000t\000i\000o\000n\000\040\000E\000q\000u\000i\000v\000a\000l\000e\000n\000c\000e}{section.12}% 124
\BOOKMARK [1][-]{section.13}{\376\377\000C\000o\000n\000c\000l\000u\000d\000i\000n\000g\000\040\000R\000e\000m\000a\000r\000k\000s}{}% 125
\BOOKMARK [1][-]{section.14}{\376\377\000R\000e\000f\000e\000r\000e\000n\000e\000c\000e}{}% 126
